
app/api/labors/route.ts(48,21):
 error TS2367: This comparison 
appears to be unintentional 
because the types '"admin" | 
"user" | undefined' and 
'"ADMIN"' have no overlap.
app/api/labors/route.ts(76,21):
 error TS2367: This comparison 
appears to be unintentional 
because the types '"admin" | 
"user" | undefined' and 
'"ADMIN"' have no overlap.
app/page.tsx(17,7): error 
TS2367: This comparison 
appears to be unintentional 
because the types '"admin" | 
"user" | undefined' and 
'"ADMIN"' have no overlap.
components/journal/journal-acti
ons.tsx(35,13): error TS2339: 
Property 'user' does not exist 
on type 'AppState'.
components/labor-form.tsx(26,11
): error TS2769: No overload 
matches this call.
components/labor-form.tsx(40,5)
: error TS2322: Type 
'Resolver<{ name: string; 
type: "laborer" | "foreman"; 
rate: unknown; }, any, { name: 
string; type: "laborer" | 
"foreman"; rate: number; }>' 
is not assignable to type 
'Resolver<{ name: string; 
type: "laborer" | "foreman"; 
rate: number; }, any, { name: 
string; type: "laborer" | 
"foreman"; rate: number; }>'.
components/labor-form.tsx(78,41
): error TS2345: Argument of 
type '(values: { name: string; 
type: "laborer" | "foreman"; 
rate: number; }) => 
Promise<void>' is not 
assignable to parameter of 
type 
'SubmitHandler<TFieldValues>'.
components/labor-form.tsx(80,11
): error TS2322: Type 
'Control<{ name: string; type: 
"laborer" | "foreman"; rate: 
number; }, any, TFieldValues>' 
is not assignable to type 
'Control<{ name: string; type: 
"laborer" | "foreman"; rate: 
number; }, any, { name: 
string; type: "laborer" | 
"foreman"; rate: number; }>'.
components/labor-form.tsx(93,11
): error TS2322: Type 
'Control<{ name: string; type: 
"laborer" | "foreman"; rate: 
number; }, any, TFieldValues>' 
is not assignable to type 
'Control<{ name: string; type: 
"laborer" | "foreman"; rate: 
number; }, any, { name: 
string; type: "laborer" | 
"foreman"; rate: number; }>'.
components/labor-form.tsx(114,1
1): error TS2322: Type 
'Control<{ name: string; type: 
"laborer" | "foreman"; rate: 
number; }, any, TFieldValues>' 
is not assignable to type 
'Control<{ name: string; type: 
"laborer" | "foreman"; rate: 
number; }, any, { name: 
string; type: "laborer" | 
"foreman"; rate: number; }>'.
components/material-stock-in-fo
rm.tsx(67,27): error TS2769: 
No overload matches this call.
components/material-stock-out-f
orm.tsx(62,27): error TS2769: 
No overload matches this call.
components/quick-entry-form.tsx
(33,18): error TS2353: Object 
literal may only specify known 
properties, and 
'required_error' does not 
exist in type '{ error?: 
string | $ZodErrorMap<$ZodIssue
InvalidType<unknown>> | 
undefined; message?: string | 
undefined; }'.
components/quick-entry-form.tsx
(48,5): error TS2322: Type 
'Resolver<{ project_id: 
string; date: Date; items: { 
entryType: "transaction" | 
"recordable"; type: "income" | 
"expense" | "asset" | 
"liability"; amount: unknown; 
description: string; 
ledger_id: string; 
payment_mode: "cash" | "bank"; 
}[]; request_message?: string 
| undefined; }, any, { ...; 
}>' is not assignable to type 
'Resolver<{ project_id: 
string; date: Date; items: { 
entryType: "transaction" | 
"recordable"; type: "income" | 
"expense" | "asset" | 
"liability"; amount: number; 
description: string; 
ledger_id: string; 
payment_mode: "cash" | "bank"; 
}[]; request_message?: string 
| undefined; }, any, { ...; 
}>'.
components/quick-entry-form.tsx
(114,41): error TS2345: 
Argument of type '(values: { 
project_id: string; date: 
Date; items: { entryType: 
"transaction" | "recordable"; 
type: "income" | "expense" | 
"asset" | "liability"; amount: 
number; description: string; 
ledger_id: string; 
payment_mode: "cash" | "bank"; 
}[]; request_message?: string 
| undefined; }) => 
Promise<...>' is not 
assignable to parameter of 
type 
'SubmitHandler<TFieldValues>'.
components/theme-provider.tsx(5
,41): error TS2307: Cannot 
find module 
'next-themes/dist/types' or 
its corresponding type 
declarations.
components/ui/calendar.tsx(57,9
): error TS2353: Object 
literal may only specify known 
properties, and 'IconLeft' 
does not exist in type 
'Partial<CustomComponents>'.
components/ui/calendar.tsx(57,2
2): error TS7031: Binding 
element 'className' implicitly 
has an 'any' type.
components/ui/calendar.tsx(60,2
3): error TS7031: Binding 
element 'className' implicitly 
has an 'any' type.
components/ui/chart.tsx(188,25)
: error TS7006: Parameter 
'item' implicitly has an 'any' 
type.
components/ui/chart.tsx(188,31)
: error TS7006: Parameter 
'index' implicitly has an 
'any' type.
components/ui/chart.tsx(264,39)
: error TS2344: Type 
'"payload" | "verticalAlign"' 
does not satisfy the 
constraint '"string" | "role" 
| "filter" | "fill" | "values" 
| "cursor" | "result" | "id" | 
"type" | "name" | "from" | 
"style" | "media" | "spacing" 
| "order" | "height" | "width" 
| "transformOrigin" | ... 425 
more ... | "onBBoxUpdate"'.
components/ui/chart.tsx(288,23)
: error TS7006: Parameter 
'item' implicitly has an 'any' 
type.
components/ui/menubar.tsx(4,35)
: error TS2307: Cannot find 
module 
'@radix-ui/react-menubar' or 
its corresponding type 
declarations.
components/ui/slider.tsx(4,34):
 error TS2307: Cannot find 
module 
'@radix-ui/react-slider' or 
its corresponding type 
declarations.
components/user-form.tsx(74,9):
 error TS2322: Type 
'Resolver<{ name: string; 
email: string; role: "user" | 
"admin"; password?: string | 
undefined; newPassword?: 
string | undefined; 
confirmPassword?: string | 
undefined; assignedProjects?: 
string[] | undefined; 
isActive?: boolean | 
undefined; }, any, { ...; }>' 
is not assignable to type 
'Resolver<{ name: string; 
email: string; role: "user" | 
"admin"; assignedProjects: 
string[]; isActive: boolean; 
password?: string | undefined; 
newPassword?: string | 
undefined; confirmPassword?: 
string | undefined; }, any, { 
...; }>'.
components/user-form.tsx(126,47
): error TS2345: Argument of 
type '(values: { name: string; 
email: string; role: "user" | 
"admin"; assignedProjects: 
string[]; isActive: boolean; 
password?: string | undefined; 
newPassword?: string | 
undefined; confirmPassword?: 
string | undefined; }) => 
Promise<...>' is not 
assignable to parameter of 
type 
'SubmitHandler<TFieldValues>'.
components/user-form.tsx(130,29
): error TS2322: Type 
'Control<{ name: string; 
email: string; role: "user" | 
"admin"; assignedProjects: 
string[]; isActive: boolean; 
password?: string | undefined; 
newPassword?: string | 
undefined; confirmPassword?: 
string | undefined; }, any, 
TFieldValues>' is not 
assignable to type 'Control<{ 
name: string; email: string; 
role: "user" | "admin"; 
assignedProjects: string[]; 
isActive: boolean; password?: 
string | undefined; 
newPassword?: string | 
undefined; confirmPassword?: 
string | undefined; }, any, { 
...; }>'.
components/user-form.tsx(143,29
): error TS2322: Type 
'Control<{ name: string; 
email: string; role: "user" | 
"admin"; assignedProjects: 
string[]; isActive: boolean; 
password?: string | undefined; 
newPassword?: string | 
undefined; confirmPassword?: 
string | undefined; }, any, 
TFieldValues>' is not 
assignable to type 'Control<{ 
name: string; email: string; 
role: "user" | "admin"; 
assignedProjects: string[]; 
isActive: boolean; password?: 
string | undefined; 
newPassword?: string | 
undefined; confirmPassword?: 
string | undefined; }, any, { 
...; }>'.
components/user-form.tsx(161,37
): error TS2322: Type 
'Control<{ name: string; 
email: string; role: "user" | 
"admin"; assignedProjects: 
string[]; isActive: boolean; 
password?: string | undefined; 
newPassword?: string | 
undefined; confirmPassword?: 
string | undefined; }, any, 
TFieldValues>' is not 
assignable to type 'Control<{ 
name: string; email: string; 
role: "user" | "admin"; 
assignedProjects: string[]; 
isActive: boolean; password?: 
string | undefined; 
newPassword?: string | 
undefined; confirmPassword?: 
string | undefined; }, any, { 
...; }>'.
components/user-form.tsx(174,37
): error TS2322: Type 
'Control<{ name: string; 
email: string; role: "user" | 
"admin"; assignedProjects: 
string[]; isActive: boolean; 
password?: string | undefined; 
newPassword?: string | 
undefined; confirmPassword?: 
string | undefined; }, any, 
TFieldValues>' is not 
assignable to type 'Control<{ 
name: string; email: string; 
role: "user" | "admin"; 
assignedProjects: string[]; 
isActive: boolean; password?: 
string | undefined; 
newPassword?: string | 
undefined; confirmPassword?: 
string | undefined; }, any, { 
...; }>'.
components/user-form.tsx(189,33
): error TS2322: Type 
'Control<{ name: string; 
email: string; role: "user" | 
"admin"; assignedProjects: 
string[]; isActive: boolean; 
password?: string | undefined; 
newPassword?: string | 
undefined; confirmPassword?: 
string | undefined; }, any, 
TFieldValues>' is not 
assignable to type 'Control<{ 
name: string; email: string; 
role: "user" | "admin"; 
assignedProjects: string[]; 
isActive: boolean; password?: 
string | undefined; 
newPassword?: string | 
undefined; confirmPassword?: 
string | undefined; }, any, { 
...; }>'.
components/user-form.tsx(207,29
): error TS2322: Type 
'Control<{ name: string; 
email: string; role: "user" | 
"admin"; assignedProjects: 
string[]; isActive: boolean; 
password?: string | undefined; 
newPassword?: string | 
undefined; confirmPassword?: 
string | undefined; }, any, 
TFieldValues>' is not 
assignable to type 'Control<{ 
name: string; email: string; 
role: "user" | "admin"; 
assignedProjects: string[]; 
isActive: boolean; password?: 
string | undefined; 
newPassword?: string | 
undefined; confirmPassword?: 
string | undefined; }, any, { 
...; }>'.
components/user-form.tsx(237,33
): error TS2322: Type 
'Control<{ name: string; 
email: string; role: "user" | 
"admin"; assignedProjects: 
string[]; isActive: boolean; 
password?: string | undefined; 
newPassword?: string | 
undefined; confirmPassword?: 
string | undefined; }, any, 
TFieldValues>' is not 
assignable to type 'Control<{ 
name: string; email: string; 
role: "user" | "admin"; 
assignedProjects: string[]; 
isActive: boolean; password?: 
string | undefined; 
newPassword?: string | 
undefined; confirmPassword?: 
string | undefined; }, any, { 
...; }>'.
components/user-form.tsx(261,37
): error TS2322: Type 
'Control<{ name: string; 
email: string; role: "user" | 
"admin"; assignedProjects: 
string[]; isActive: boolean; 
password?: string | undefined; 
newPassword?: string | 
undefined; confirmPassword?: 
string | undefined; }, any, 
TFieldValues>' is not 
assignable to type 'Control<{ 
name: string; email: string; 
role: "user" | "admin"; 
assignedProjects: string[]; 
isActive: boolean; password?: 
string | undefined; 
newPassword?: string | 
undefined; confirmPassword?: 
string | undefined; }, any, { 
...; }>'.


